0 info it worked if it ends with ok
1 verbose cli [ '/usr/local/Cellar/node/6.3.1/bin/node',
1 verbose cli   '/usr/local/bin/npm',
1 verbose cli   'publish' ]
2 info using npm@3.10.3
3 info using node@v6.3.1
4 verbose publish [ '.' ]
5 silly cache add args [ '.', null ]
6 verbose cache add spec .
7 silly cache add parsed spec Result {
7 silly cache add   raw: '.',
7 silly cache add   scope: null,
7 silly cache add   escapedName: null,
7 silly cache add   name: null,
7 silly cache add   rawSpec: '.',
7 silly cache add   spec: '/Users/ekubyshin/sources/graphql-fetch',
7 silly cache add   type: 'directory' }
8 verbose addLocalDirectory /Users/ekubyshin/.npm/graphqlfetcher/1.0.0/package.tgz not in flight; packing
9 verbose correctMkdir /Users/ekubyshin/.npm correctMkdir not in flight; initializing
10 info lifecycle graphqlfetcher@1.0.0~prepublish: graphqlfetcher@1.0.0
11 silly lifecycle graphqlfetcher@1.0.0~prepublish: no script for prepublish, continuing
12 verbose tar pack [ '/Users/ekubyshin/.npm/graphqlfetcher/1.0.0/package.tgz',
12 verbose tar pack   '/Users/ekubyshin/sources/graphql-fetch' ]
13 verbose tarball /Users/ekubyshin/.npm/graphqlfetcher/1.0.0/package.tgz
14 verbose folder /Users/ekubyshin/sources/graphql-fetch
15 verbose addLocalTarball adding from inside cache /Users/ekubyshin/.npm/graphqlfetcher/1.0.0/package.tgz
16 verbose correctMkdir /Users/ekubyshin/.npm correctMkdir not in flight; initializing
17 silly cache afterAdd graphqlfetcher@1.0.0
18 verbose afterAdd /Users/ekubyshin/.npm/graphqlfetcher/1.0.0/package/package.json not in flight; writing
19 verbose correctMkdir /Users/ekubyshin/.npm correctMkdir not in flight; initializing
20 verbose afterAdd /Users/ekubyshin/.npm/graphqlfetcher/1.0.0/package/package.json written
21 silly publish { name: 'graphqlfetcher',
21 silly publish   version: '1.0.0',
21 silly publish   description: 'Fetch utility for GraphQL requests',
21 silly publish   main: 'bin/index.js',
21 silly publish   scripts:
21 silly publish    { test: 'echo "Error: no test specified" && exit 1',
21 silly publish      install: 'node ./node_modules/babel-cli/bin/babel lib/index.js -o bin/index.js' },
21 silly publish   keywords: [ 'graphql', 'fetch' ],
21 silly publish   repository:
21 silly publish    { type: 'git',
21 silly publish      url: 'git+https://github.com/ekubyshin/graphql-fetch.git' },
21 silly publish   author: { name: 'Evgeniy Kubyshin' },
21 silly publish   license: 'ISC',
21 silly publish   devDependencies:
21 silly publish    { 'babel-cli': '^6.11.4',
21 silly publish      'babel-core': '^6.13.2',
21 silly publish      'babel-preset-es2015': '^6.13.2',
21 silly publish      'babel-preset-stage-2': '^6.13.0' },
21 silly publish   readme: '# graphql-fetch\nFetch for GraphQL requests\n\nThis function helps you to do http requests for API written in GraphQL.\n\nReturns GraphQL response (JSON).\n\nIf errors occurred then field named errors is present.\n\nBased on isomorphic-fetch\n\n#Usage:\n\n    import fabric from \'graphql-fetch\'\n    const fetch = fabric(\'http://som_url/graphql\');\n    \n    fetch(`\n      query Q($input: GraphQLInputObject){\n        someQuery(input:$input) {field}\n      }`,\n      {\n        input: {\n          var1: \'value1\'\n        }\n      },\n      //provide headers if needed\n      {\n        headers: {\n          Authorization: \'Bearer some_token\'\n        }\n      }\n      \n',
21 silly publish   readmeFilename: 'README.md',
21 silly publish   gitHead: '2c2683f5b3781d718d2c197e4b64346db07f7ac7',
21 silly publish   bugs: { url: 'https://github.com/ekubyshin/graphql-fetch/issues' },
21 silly publish   homepage: 'https://github.com/ekubyshin/graphql-fetch#readme',
21 silly publish   _id: 'graphqlfetcher@1.0.0',
21 silly publish   _shasum: 'e1d1139008bd597744b3a17668c96d47b221bb81',
21 silly publish   _from: '.' }
22 verbose getPublishConfig undefined
23 silly mapToRegistry name graphqlfetcher
24 silly mapToRegistry using default registry
25 silly mapToRegistry registry https://registry.npmjs.org/
26 silly mapToRegistry data Result {
26 silly mapToRegistry   raw: 'graphqlfetcher',
26 silly mapToRegistry   scope: null,
26 silly mapToRegistry   escapedName: 'graphqlfetcher',
26 silly mapToRegistry   name: 'graphqlfetcher',
26 silly mapToRegistry   rawSpec: '',
26 silly mapToRegistry   spec: 'latest',
26 silly mapToRegistry   type: 'tag' }
27 silly mapToRegistry uri https://registry.npmjs.org/graphqlfetcher
28 verbose publish registryBase https://registry.npmjs.org/
29 silly publish uploading /Users/ekubyshin/.npm/graphqlfetcher/1.0.0/package.tgz
30 verbose request uri https://registry.npmjs.org/graphqlfetcher
31 verbose request sending authorization for write operation
32 info attempt registry request try #1 at 11:56:25 PM
33 verbose request using bearer token for auth
34 verbose request id 8a432a0d587880a7
35 http request PUT https://registry.npmjs.org/graphqlfetcher
36 http 403 https://registry.npmjs.org/graphqlfetcher
37 verbose headers { 'content-type': 'application/json',
37 verbose headers   'cache-control': 'max-age=300',
37 verbose headers   'content-length': '95',
37 verbose headers   'accept-ranges': 'bytes',
37 verbose headers   date: 'Sun, 21 Aug 2016 20:56:27 GMT',
37 verbose headers   via: '1.1 varnish',
37 verbose headers   connection: 'keep-alive',
37 verbose headers   'x-served-by': 'cache-bma7029-BMA',
37 verbose headers   'x-cache': 'MISS',
37 verbose headers   'x-cache-hits': '0',
37 verbose headers   'x-timer': 'S1471812986.648047,VS0,VE1028',
37 verbose headers   vary: 'Accept-Encoding' }
38 verbose request invalidating /Users/ekubyshin/.npm/registry.npmjs.org/graphqlfetcher on PUT
39 error publish Failed PUT 403
40 verbose stack Error: "You cannot publish over the previously published version 1.0.0." : graphqlfetcher
40 verbose stack     at makeError (/usr/local/lib/node_modules/npm/node_modules/npm-registry-client/lib/request.js:264:12)
40 verbose stack     at CachingRegistryClient.<anonymous> (/usr/local/lib/node_modules/npm/node_modules/npm-registry-client/lib/request.js:252:14)
40 verbose stack     at Request._callback (/usr/local/lib/node_modules/npm/node_modules/npm-registry-client/lib/request.js:172:14)
40 verbose stack     at Request.self.callback (/usr/local/lib/node_modules/npm/node_modules/request/request.js:200:22)
40 verbose stack     at emitTwo (events.js:106:13)
40 verbose stack     at Request.emit (events.js:191:7)
40 verbose stack     at Request.<anonymous> (/usr/local/lib/node_modules/npm/node_modules/request/request.js:1067:10)
40 verbose stack     at emitOne (events.js:101:20)
40 verbose stack     at Request.emit (events.js:188:7)
40 verbose stack     at IncomingMessage.<anonymous> (/usr/local/lib/node_modules/npm/node_modules/request/request.js:988:12)
41 verbose statusCode 403
42 verbose pkgid graphqlfetcher
43 verbose cwd /Users/ekubyshin/sources/graphql-fetch
44 error Darwin 15.6.0
45 error argv "/usr/local/Cellar/node/6.3.1/bin/node" "/usr/local/bin/npm" "publish"
46 error node v6.3.1
47 error npm  v3.10.3
48 error code E403
49 error "You cannot publish over the previously published version 1.0.0." : graphqlfetcher
50 error If you need help, you may report this error at:
50 error     <https://github.com/npm/npm/issues>
51 verbose exit [ 1, true ]
